+ chmod -R u+w Pods
+ chmod -R u+w ../node_modules/react-native
+ node ../scripts/wrap-cxx-headers.js
TAMTAM: scanning Pods/Headers/Public, Pods/React-Core-prebuilt (cwd=/Users/runner/work/TAMTAM/TAMTAM/ios)
TAMTAM: found 11876 .h/.hpp files
TAMTAM: matched 6120 / 11876 ; patched 6120 ; skipped 0 ; errors 0
TAMTAM: sample matched files:
   /Users/runner/work/TAMTAM/TAMTAM/ios/Pods/DoubleConversion/double-conversion/bignum-dtoa.h
   /Users/runner/work/TAMTAM/TAMTAM/ios/Pods/DoubleConversion/double-conversion/bignum.h
   /Users/runner/work/TAMTAM/TAMTAM/ios/Pods/DoubleConversion/double-conversion/cached-powers.h
   /Users/runner/work/TAMTAM/TAMTAM/ios/Pods/DoubleConversion/double-conversion/diy-fp.h
   /Users/runner/work/TAMTAM/TAMTAM/ios/Pods/DoubleConversion/double-conversion/double-conversion.h
TAMTAM: target Pods/Headers/Public/React-Fabric/react/renderer/components/view/BaseViewEventEmitter.h
  realpath: /Users/runner/work/TAMTAM/TAMTAM/node_modules/react-native/ReactCommon/react/renderer/components/view/BaseViewEventEmitter.h
  seen-by-walk: true
  head:
// TAMTAM_CXX_GUARD
#if defined(__cplusplus)
/*
 * Copyright (c) Meta Platforms, Inc. and affiliates.
 *
TAMTAM: target Pods/Headers/Public/ReactCodegen/react/renderer/components/lottiereactnative/EventEmitters.h
  realpath: /Users/runner/work/TAMTAM/TAMTAM/ios/build/generated/ios/ReactCodegen/react/renderer/components/lottiereactnative/EventEmitters.h
  seen-by-walk: true
  head:
// TAMTAM_CXX_GUARD
#if defined(__cplusplus)

/**
 * This code was generated by [react-native-codegen](https://www.npmjs.com/package/react-native-codegen).
TAMTAM: target Pods/Headers/Public/ReactCodegen/react/renderer/components/lottiereactnative/Props.h
  realpath: /Users/runner/work/TAMTAM/TAMTAM/ios/build/generated/ios/ReactCodegen/react/renderer/components/lottiereactnative/Props.h
  seen-by-walk: true
  head:
// TAMTAM_CXX_GUARD
#if defined(__cplusplus)

/**
 * This code was generated by [react-native-codegen](https://www.npmjs.com/package/react-native-codegen).
TAMTAM: target Pods/Headers/Public/React-Core-prebuilt/yoga/YGEnums.h
  realpath: /Users/runner/work/TAMTAM/TAMTAM/ios/Pods/React-Core-prebuilt/React.xcframework/Headers/Yoga/YGEnums.h
  seen-by-walk: true
  head:
/*
 * Copyright (c) Meta Platforms, Inc. and affiliates.
 *
 * This source code is licensed under the MIT license found in the
 * LICENSE file in the root directory of this source tree.
TAMTAM: target Pods/Headers/Public/React-Core-prebuilt/yoga/YGMacros.h
  realpath: /Users/runner/work/TAMTAM/TAMTAM/ios/Pods/React-Core-prebuilt/React.xcframework/Headers/Yoga/YGMacros.h
  seen-by-walk: true
  head:
// TAMTAM_CXX_GUARD
#if defined(__cplusplus)
/*
 * Copyright (c) Meta Platforms, Inc. and affiliates.
 *
TAMTAM: target Pods/Headers/Public/RCTTypeSafety/RCTTypeSafety/RCTTypedModuleConstants.h
  realpath: /Users/runner/work/TAMTAM/TAMTAM/node_modules/react-native/Libraries/TypeSafety/RCTTypedModuleConstants.h
  seen-by-walk: true
  head:
/*
 * Copyright (c) Meta Platforms, Inc. and affiliates.
 *
 * This source code is licensed under the MIT license found in the
 * LICENSE file in the root directory of this source tree.
TAMTAM: target Pods/Headers/Public/ReactCodegen/rnasyncstorage/rnasyncstorage.h
  realpath: /Users/runner/work/TAMTAM/TAMTAM/ios/build/generated/ios/ReactCodegen/rnasyncstorage/rnasyncstorage.h
  seen-by-walk: true
  head:
/**
 * This code was generated by [react-native-codegen](https://www.npmjs.com/package/react-native-codegen).
 *
 * Do not edit this file as changes may cause incorrect behavior and will be lost
 * once the code is regenerated.
+ echo '---- post-wrap check of BaseViewEventEmitter.h ----'
---- post-wrap check of BaseViewEventEmitter.h ----
+ head -5 Pods/Headers/Public/React-Fabric/react/renderer/components/view/BaseViewEventEmitter.h
// TAMTAM_CXX_GUARD
#if defined(__cplusplus)
/*
 * Copyright (c) Meta Platforms, Inc. and affiliates.
 *
+ readlink -f Pods/Headers/Public/React-Fabric/react/renderer/components/view/BaseViewEventEmitter.h
/Users/runner/work/TAMTAM/TAMTAM/node_modules/react-native/ReactCommon/react/renderer/components/view/BaseViewEventEmitter.h
