TAMTAM: scanning Pods/Headers/Public, Pods/React-Core-prebuilt (cwd=/Users/runner/work/TAMTAM/TAMTAM/ios)
TAMTAM: found 11876 .h/.hpp files
TAMTAM: matched 6122 / 11876 ; patched 691 ; skipped 5431 ; errors 0
TAMTAM: sample matched files:
   /Users/runner/work/TAMTAM/TAMTAM/ios/Pods/DoubleConversion/double-conversion/bignum-dtoa.h
   /Users/runner/work/TAMTAM/TAMTAM/ios/Pods/DoubleConversion/double-conversion/bignum.h
   /Users/runner/work/TAMTAM/TAMTAM/ios/Pods/DoubleConversion/double-conversion/cached-powers.h
   /Users/runner/work/TAMTAM/TAMTAM/ios/Pods/DoubleConversion/double-conversion/diy-fp.h
   /Users/runner/work/TAMTAM/TAMTAM/ios/Pods/DoubleConversion/double-conversion/double-conversion.h
TAMTAM: target Pods/Headers/Public/React-Fabric/react/renderer/components/view/BaseViewEventEmitter.h
  realpath: /Users/runner/work/TAMTAM/TAMTAM/node_modules/react-native/ReactCommon/react/renderer/components/view/BaseViewEventEmitter.h
  seen-by-walk: true
  head:
// TAMTAM_CXX_GUARD
#if defined(__cplusplus)
/*
 * Copyright (c) Meta Platforms, Inc. and affiliates.
 *
TAMTAM: target Pods/Headers/Public/ReactCodegen/react/renderer/components/lottiereactnative/EventEmitters.h
  realpath: /Users/runner/work/TAMTAM/TAMTAM/ios/build/generated/ios/ReactCodegen/react/renderer/components/lottiereactnative/EventEmitters.h
  seen-by-walk: true
  head:
// TAMTAM_CXX_GUARD
#if defined(__cplusplus)

/**
 * This code was generated by [react-native-codegen](https://www.npmjs.com/package/react-native-codegen).
TAMTAM: target Pods/Headers/Public/ReactCodegen/react/renderer/components/lottiereactnative/Props.h
  realpath: /Users/runner/work/TAMTAM/TAMTAM/ios/build/generated/ios/ReactCodegen/react/renderer/components/lottiereactnative/Props.h
  seen-by-walk: true
  head:
// TAMTAM_CXX_GUARD
#if defined(__cplusplus)

/**
 * This code was generated by [react-native-codegen](https://www.npmjs.com/package/react-native-codegen).
